<?xml version="1.0" encoding="UTF-8"?>
<!-- Generated by org.testng.reporters.JUnitReportReporter -->
<testsuite hostname="DESKTOP-L24NCKJ" failures="0" tests="1" name="testng.extent.reports.ReportsSample" time="328.648" errors="0" timestamp="2024-02-18T07:07:49 IST" skipped="0">
  <testcase classname="testng.extent.reports.ReportsSample" name="fbLogin2" time="328.648"/>
</testsuite> <!-- testng.extent.reports.ReportsSample -->
