<?xml version="1.0" encoding="UTF-8"?>
<!-- Generated by org.testng.reporters.JUnitReportReporter -->
<testsuite hostname="DESKTOP-L24NCKJ" failures="0" tests="2" name="testng.parameters.dataprovider.DataProviderSample" time="17.959" errors="0" timestamp="2024-02-15T06:23:39 IST" skipped="0">
  <testcase classname="testng.parameters.dataprovider.DataProviderSample" name="loginWithDiffComboOfCredentials" time="8.547"/>
  <testcase classname="testng.parameters.dataprovider.DataProviderSample" name="loginWithDiffComboOfCredentials" time="9.412"/>
</testsuite> <!-- testng.parameters.dataprovider.DataProviderSample -->
