<?xml version="1.0" encoding="UTF-8"?>
<!-- Generated by org.testng.reporters.JUnitReportReporter -->
<testsuite hostname="DESKTOP-L24NCKJ" failures="0" tests="2" name="sample.testng.attributes.Enabled" time="0.002" errors="0" timestamp="2024-02-17T07:37:19 IST" skipped="1">
  <testcase classname="sample.testng.attributes.Enabled" name="sample1" time="0.002"/>
  <testcase classname="sample.testng.attributes.Enabled" name="sample2">
    <skipped/>
  </testcase> <!-- sample2 -->
</testsuite> <!-- sample.testng.attributes.Enabled -->
