<?xml version="1.0" encoding="UTF-8"?>
<!-- Generated by org.testng.reporters.JUnitReportReporter -->
<testsuite hostname="DESKTOP-L24NCKJ" failures="0" tests="4" name="testng.groups.GroupsSample" time="0.022" errors="0" timestamp="2024-02-17T07:37:19 IST" skipped="0">
  <testcase classname="testng.groups.GroupsSample" name="test2" time="0.015"/>
  <testcase classname="testng.groups.GroupsSample" name="test3" time="0.002"/>
  <testcase classname="testng.groups.GroupsSample" name="test5" time="0.003"/>
  <testcase classname="testng.groups.GroupsSample" name="test4" time="0.002"/>
</testsuite> <!-- testng.groups.GroupsSample -->
