<?xml version="1.0" encoding="UTF-8"?>
<!-- Generated by org.testng.reporters.JUnitReportReporter -->
<testsuite hostname="DESKTOP-L24NCKJ" failures="0" tests="4" name="testng.crossbrowser.parallel.ParallelTestOne" time="45.422" errors="0" timestamp="2024-02-17T07:35:51 IST" skipped="0">
  <testcase classname="testng.crossbrowser.parallel.ParallelTestOne" name="fbLogin" time="10.427"/>
  <testcase classname="testng.crossbrowser.parallel.ParallelTestOne" name="searchJava" time="10.791"/>
  <testcase classname="testng.crossbrowser.parallel.ParallelTestOne" name="searchProduct" time="15.109"/>
  <testcase classname="testng.crossbrowser.parallel.ParallelTestOne" name="searchSelenium" time="9.095"/>
</testsuite> <!-- testng.crossbrowser.parallel.ParallelTestOne -->
