<?xml version="1.0" encoding="UTF-8"?>
<!-- Generated by org.testng.reporters.JUnitReportReporter -->
<testsuite hostname="DESKTOP-L24NCKJ" failures="0" tests="1" name="testng.parameters.dataprovider.ParametersSample" time="5.306" errors="0" timestamp="2024-02-14T06:36:35 IST" skipped="0">
  <testcase classname="testng.parameters.dataprovider.ParametersSample" name="searchJava" time="5.306"/>
</testsuite> <!-- testng.parameters.dataprovider.ParametersSample -->
