<?xml version="1.0" encoding="UTF-8"?>
<!-- Generated by org.testng.reporters.JUnitReportReporter -->
<testsuite hostname="DESKTOP-L24NCKJ" failures="0" tests="2" name="sample.testng.attributes.SampleAnnotations" time="0.015" errors="0" timestamp="2024-02-11T06:25:18 IST" skipped="0">
  <testcase classname="sample.testng.attributes.SampleAnnotations" name="test2" time="0.003"/>
  <testcase classname="sample.testng.attributes.SampleAnnotations" name="test1" time="0.012"/>
</testsuite> <!-- sample.testng.attributes.SampleAnnotations -->
