<?xml version="1.0" encoding="UTF-8"?>
<!-- Generated by org.testng.reporters.JUnitReportReporter -->
<testsuite hostname="DESKTOP-L24NCKJ" failures="0" tests="3" name="sample.testng.attributes.DependsOnMethods" time="0.007" errors="0" timestamp="2024-02-11T07:07:08 IST" skipped="0">
  <testcase classname="sample.testng.attributes.DependsOnMethods" name="login" time="0.003"/>
  <testcase classname="sample.testng.attributes.DependsOnMethods" name="checkout" time="0.002"/>
  <testcase classname="sample.testng.attributes.DependsOnMethods" name="addToCart" time="0.002"/>
</testsuite> <!-- sample.testng.attributes.DependsOnMethods -->
