<?xml version="1.0" encoding="UTF-8"?>
<!-- Generated by org.testng.reporters.JUnitReportReporter -->
<testsuite hostname="DESKTOP-L24NCKJ" failures="0" tests="1" name="testng.assertion.verify.AssertVsVerify" time="0.039" errors="0" timestamp="2024-02-14T06:44:54 IST" skipped="0">
  <testcase classname="testng.assertion.verify.AssertVsVerify" name="softAssertion" time="0.039"/>
</testsuite> <!-- testng.assertion.verify.AssertVsVerify -->
