<?xml version="1.0" encoding="UTF-8"?>
<!-- Generated by org.testng.reporters.JUnitReportReporter -->
<testsuite hostname="DESKTOP-L24NCKJ" failures="0" tests="9" name="sample.testng.attributes.Priority" time="0.082" errors="0" timestamp="2024-02-11T06:48:39 IST" skipped="0">
  <testcase classname="sample.testng.attributes.Priority" name="testab" time="0.019"/>
  <testcase classname="sample.testng.attributes.Priority" name="testsz" time="0.013"/>
  <testcase classname="sample.testng.attributes.Priority" name="testk" time="0.005"/>
  <testcase classname="sample.testng.attributes.Priority" name="testsf" time="0.004"/>
  <testcase classname="sample.testng.attributes.Priority" name="testsa" time="0.010"/>
  <testcase classname="sample.testng.attributes.Priority" name="testsy" time="0.021"/>
  <testcase classname="sample.testng.attributes.Priority" name="testsr" time="0.004"/>
  <testcase classname="sample.testng.attributes.Priority" name="testi" time="0.004"/>
  <testcase classname="sample.testng.attributes.Priority" name="tests" time="0.002"/>
</testsuite> <!-- sample.testng.attributes.Priority -->
