<?xml version="1.0" encoding="UTF-8"?>
<!-- Generated by org.testng.reporters.JUnitReportReporter -->
<testsuite hostname="DESKTOP-L24NCKJ" failures="0" tests="7" name="sample.testng.attributes.ThreadPoolSize" time="114.861" errors="0" timestamp="2024-02-11T08:33:34 IST" skipped="0">
  <testcase classname="sample.testng.attributes.ThreadPoolSize" name="test1" time="13.911"/>
  <testcase classname="sample.testng.attributes.ThreadPoolSize" name="test1" time="12.715"/>
  <testcase classname="sample.testng.attributes.ThreadPoolSize" name="test1" time="12.062"/>
  <testcase classname="sample.testng.attributes.ThreadPoolSize" name="test1" time="25.193"/>
  <testcase classname="sample.testng.attributes.ThreadPoolSize" name="test1" time="14.478"/>
  <testcase classname="sample.testng.attributes.ThreadPoolSize" name="test1" time="16.891"/>
  <testcase classname="sample.testng.attributes.ThreadPoolSize" name="test1" time="19.611"/>
</testsuite> <!-- sample.testng.attributes.ThreadPoolSize -->
