<?xml version="1.0" encoding="UTF-8"?>
<!-- Generated by org.testng.reporters.JUnitReportReporter -->
<testsuite hostname="DESKTOP-L24NCKJ" failures="0" tests="1" name="testng.crossbrowser.parallel.ParallelTestTwo" time="8.401" errors="0" timestamp="2024-02-17T07:35:51 IST" skipped="0">
  <testcase classname="testng.crossbrowser.parallel.ParallelTestTwo" name="fbLogin2" time="8.401"/>
</testsuite> <!-- testng.crossbrowser.parallel.ParallelTestTwo -->
