<?xml version="1.0" encoding="UTF-8"?>
<!-- Generated by org.testng.reporters.JUnitReportReporter -->
<testsuite hostname="DESKTOP-L24NCKJ" failures="0" tests="3" name="testng.crossbrowser.parallel.CrossBrowserTest" time="31.110" errors="0" timestamp="2024-02-18T08:04:03 IST" skipped="0">
  <testcase classname="testng.crossbrowser.parallel.CrossBrowserTest" name="searchJava" time="9.775"/>
  <testcase classname="testng.crossbrowser.parallel.CrossBrowserTest" name="searchJava" time="13.017"/>
  <testcase classname="testng.crossbrowser.parallel.CrossBrowserTest" name="searchJava" time="8.318"/>
</testsuite> <!-- testng.crossbrowser.parallel.CrossBrowserTest -->
