<?xml version="1.0" encoding="UTF-8"?>
<!-- Generated by org.testng.reporters.JUnitReportReporter -->
<testsuite hostname="DESKTOP-L24NCKJ" failures="0" tests="1" name="sample.testng.attributes.Description" time="0.007" errors="0" timestamp="2024-02-11T08:47:25 IST" skipped="0">
  <testcase classname="sample.testng.attributes.Description" name="sample" time="0.007"/>
</testsuite> <!-- sample.testng.attributes.Description -->
