<?xml version="1.0" encoding="UTF-8"?>
<!-- Generated by org.testng.reporters.JUnitReportReporter -->
<testsuite hostname="DESKTOP-L24NCKJ" failures="0" tests="4" name="testng.crossbrowser.parallel.ParallelTest" time="44.123" errors="0" timestamp="2024-02-17T07:22:06 IST" skipped="0">
  <testcase classname="testng.crossbrowser.parallel.ParallelTest" name="searchSelenium" time="7.284"/>
  <testcase classname="testng.crossbrowser.parallel.ParallelTest" name="searchProduct" time="13.616"/>
  <testcase classname="testng.crossbrowser.parallel.ParallelTest" name="fbLogin" time="10.202"/>
  <testcase classname="testng.crossbrowser.parallel.ParallelTest" name="searchJava" time="13.021"/>
</testsuite> <!-- testng.crossbrowser.parallel.ParallelTest -->
